<?xml version="1.0" encoding="UTF-8"?>
<!-- Generated by org.testng.reporters.JUnitReportReporter -->
<testsuite hostname="DESKTOP-DRQFTQA" failures="0" tests="2" name="newFullRegister.NewRegister" time="0.558" errors="0" timestamp="2022-08-09T02:54:24 EEST" skipped="0">
  <testcase classname="newFullRegister.NewRegister" name="CheckTitle" time="0.016"/>
  <system-out/>
  <testcase classname="newFullRegister.NewRegister" name="PersonalInformation" time="0.542"/>
  <system-out/>
</testsuite> <!-- newFullRegister.NewRegister -->
